<?xml version="1.0" encoding="UTF-8"?>
<!-- Generated by org.testng.reporters.JUnitReportReporter -->
<testsuite hostname="LAPTOP-L86JNH65" failures="0" tests="2" name="tests.TC_01LoginWithCorrectData" time="4.434" errors="0" timestamp="2023-01-16T15:15:36 IST" skipped="0">
  <testcase classname="tests.TC_01LoginWithCorrectData" name="LoginUsingCredentials" time="2.057"/>
  <system-out/>
  <testcase classname="tests.TC_01LoginWithCorrectData" name="LoginUsingCredentials" time="2.377"/>
  <system-out/>
</testsuite> <!-- tests.TC_01LoginWithCorrectData -->
