<?xml version="1.0" encoding="UTF-8"?>
<!-- Generated by org.testng.reporters.JUnitReportReporter -->
<testsuite hostname="LAPTOP-L86JNH65" failures="0" tests="2" name="tests.TC_02AddtoCart" time="6.526" errors="0" timestamp="2023-01-16T15:15:36 IST" skipped="0">
  <testcase classname="tests.TC_02AddtoCart" name="AddanItemtoCart" time="4.446"/>
  <system-out/>
  <testcase classname="tests.TC_02AddtoCart" name="AddanItemtoCart" time="2.080"/>
  <system-out/>
</testsuite> <!-- tests.TC_02AddtoCart -->
