<?xml version="1.0" encoding="UTF-8"?>
<!-- Generated by org.testng.reporters.JUnitReportReporter -->
<testsuite hostname="LAPTOP-L86JNH65" failures="0" tests="2" name="tests.TC_03AddtoCart" time="67.008" errors="0" timestamp="2023-01-12T18:05:45 IST" skipped="0">
  <testcase classname="tests.TC_03AddtoCart" name="start" time="32.022"/>
  <system-out/>
  <testcase classname="tests.TC_03AddtoCart" name="start" time="34.986"/>
  <system-out/>
</testsuite> <!-- tests.TC_03AddtoCart -->
