<?xml version="1.0" encoding="UTF-8"?>
<!-- Generated by org.testng.reporters.JUnitReportReporter -->
<testsuite hostname="LAPTOP-L86JNH65" failures="0" tests="4" name="tests.TC_03ValidatingtheFilterSection" time="12.634" errors="0" timestamp="2023-01-16T16:11:11 IST" skipped="0">
  <testcase classname="tests.TC_03ValidatingtheFilterSection" name="FilteranIteminDecreasingOrder" time="3.168"/>
  <system-out/>
  <testcase classname="tests.TC_03ValidatingtheFilterSection" name="FilteranIteminDecreasingOrder" time="2.068"/>
  <system-out/>
  <testcase classname="tests.TC_03ValidatingtheFilterSection" name="FilteranIteminDecreasingOrder" time="5.095"/>
  <system-out/>
  <testcase classname="tests.TC_03ValidatingtheFilterSection" name="FilteranIteminDecreasingOrder" time="2.303"/>
  <system-out/>
</testsuite> <!-- tests.TC_03ValidatingtheFilterSection -->
