<?xml version="1.0" encoding="UTF-8"?>
<!-- Generated by org.testng.reporters.JUnitReportReporter -->
<testsuite hostname="LAPTOP-L86JNH65" failures="0" tests="4" name="tests.TC_03ValidatingtheFilterSection" time="10.655" errors="0" timestamp="2023-01-16T19:13:42 IST" skipped="0">
  <testcase classname="tests.TC_03ValidatingtheFilterSection" name="FilteranItem" time="2.588"/>
  <system-out/>
  <testcase classname="tests.TC_03ValidatingtheFilterSection" name="FilteranItem" time="2.812"/>
  <system-out/>
  <testcase classname="tests.TC_03ValidatingtheFilterSection" name="FilteranItem" time="2.628"/>
  <system-out/>
  <testcase classname="tests.TC_03ValidatingtheFilterSection" name="FilteranItem" time="2.627"/>
  <system-out/>
</testsuite> <!-- tests.TC_03ValidatingtheFilterSection -->
