<?xml version="1.0" encoding="UTF-8"?>
<!-- Generated by org.testng.reporters.JUnitReportReporter -->
<testsuite hostname="LAPTOP-L86JNH65" failures="0" tests="1" name="tests.TC_04EndToEndScenario" time="3.035" errors="0" timestamp="2023-01-16T19:13:42 IST" skipped="0">
  <testcase classname="tests.TC_04EndToEndScenario" name="EndToEndTCValidation" time="3.035"/>
  <system-out/>
</testsuite> <!-- tests.TC_04EndToEndScenario -->
