<?xml version="1.0" encoding="UTF-8"?>
<!-- Generated by org.testng.reporters.JUnitReportReporter -->
<testsuite hostname="LAPTOP-L86JNH65" failures="0" tests="2" name="tests.TC_02AddtoCart" time="10.929" errors="0" timestamp="2023-01-16T19:13:42 IST" skipped="0">
  <testcase classname="tests.TC_02AddtoCart" name="AddanItemtoCart" time="5.037"/>
  <system-out/>
  <testcase classname="tests.TC_02AddtoCart" name="AddanItemtoCart" time="5.892"/>
  <system-out/>
</testsuite> <!-- tests.TC_02AddtoCart -->
